<?xml version="1.0" encoding="UTF-8"?>
<!-- Generated by org.testng.reporters.JUnitXMLReporter -->
<testsuite ignored="0" hostname="rupesh-laptop" failures="2" tests="7" name="ChromeTest" time="48.952" errors="0" timestamp="2024-09-30T19:32:56 IST">
  <testcase classname="testCases.TC01_AccountRegistration" name="VerifyAccountRegistration" time="2.502"/>
  <testcase classname="testCases.TC03_loginDDTest" name="testLoginDDT" time="2.687"/>
  <testcase classname="testCases.TC03_loginDDTest" name="testLoginDDT" time="2.227"/>
  <testcase classname="testCases.TC03_loginDDTest" name="testLoginDDT" time="2.169"/>
  <testcase classname="testCases.TC03_loginDDTest" name="testLoginDDT" time="11.275">
    <failure type="java.lang.AssertionError" message="null">
      <![CDATA[java.lang.AssertionError: null
at testCases.TC03_loginDDTest.testLoginDDT(TC03_loginDDTest.java:77)
at java.base/java.util.ArrayList.forEach(ArrayList.java:1596)
... Removed 27 stack frames]]>
    </failure>
  </testcase> <!-- testLoginDDT -->
  <testcase classname="testCases.TC03_loginDDTest" name="testLoginDDT" time="6.675"/>
  <testcase classname="testCases.TC03_loginDDTest" name="testLoginDDT" time="11.437">
    <failure type="java.lang.AssertionError" message="null">
      <![CDATA[java.lang.AssertionError: null
at testCases.TC03_loginDDTest.testLoginDDT(TC03_loginDDTest.java:77)
at java.base/java.util.ArrayList.forEach(ArrayList.java:1596)
... Removed 27 stack frames]]>
    </failure>
  </testcase> <!-- testLoginDDT -->
</testsuite> <!-- ChromeTest -->
